<?xml version="1.0" encoding="UTF-8"?>
<testsuite name="Individual with different perm and comm address"
           tests="3"
           failures="0"
           errors="0"
           skipped="0"
           time="22.542">
    <properties></properties>


    <testcase
            name="CImain"
            time="17.573"
            classname="CareInsurance.test.IndividualDiffPresentCommunicationAddressTest">
    </testcase>
    <testcase
            name="DifferentPermCommAdd"
            time="4.307"
            classname="CareInsurance.test.IndividualDiffPresentCommunicationAddressTest">
    </testcase>
    <testcase
            name="verifyDetailInInsuredBlock"
            time="0.662"
            classname="CareInsurance.test.IndividualDiffPresentCommunicationAddressTest">
    </testcase>
</testsuite>
